<?xml version="1.0" encoding="UTF-8"?>
<testng-results ignored="0" total="1" passed="1" failed="0" skipped="0">
  <reporter-output>
  </reporter-output>
  <suite started-at="2022-06-26T12:54:58 IST" name="Default suite" finished-at="2022-06-26T12:54:58 IST" duration-ms="87">
    <groups>
    </groups>
    <test started-at="2022-06-26T12:54:58 IST" name="Default test" finished-at="2022-06-26T12:54:58 IST" duration-ms="87">
      <class name="introductionmaven.test1">
        <test-method signature="integerstreams()[pri:0, instance:introductionmaven.test1@4a7f959b]" started-at="2022-06-26T12:54:58 IST" name="integerstreams" finished-at="2022-06-26T12:54:58 IST" duration-ms="18" status="PASS">
          <reporter-output>
          </reporter-output>
        </test-method> <!-- integerstreams -->
      </class> <!-- introductionmaven.test1 -->
    </test> <!-- Default test -->
  </suite> <!-- Default suite -->
</testng-results>
